<?xml version="1.0" encoding="UTF-8"?>
<!-- Generated by org.testng.reporters.JUnitReportReporter -->
<testsuite hostname="Tushar" failures="0" tests="1" name="verifylogin.Verifylogin" time="15.856" errors="0" timestamp="29 May 2024 09:48:56 GMT" skipped="0">
  <testcase classname="verifylogin.Verifylogin" name="login" time="15.856"/>
</testsuite> <!-- verifylogin.Verifylogin -->
